16:12:35,398 INFO  [main                ] [               ] [s.esstats.app.Deanonimize]  Deanonimizing target=/home/benjamin/Datasets/aol/2006-05_middle60.csv using source=/home/benjamin/Datasets/aol/2006-03.csv
16:12:50,438 INFO  [main                ] [               ] [s.esstats.app.Deanonimize]  *** 5985079*** self JSD: 0.6165288247463647
16:12:50,438 INFO  [main                ] [               ] [s.esstats.app.Deanonimize]  [3]  target:5985079 -> source:9046802 (0.5235208858446532)
16:12:50,438 INFO  [main                ] [               ] [s.esstats.app.Deanonimize]  [2]  target:5985079 -> source:17883745 (0.5235208858446532)
16:12:50,439 INFO  [main                ] [               ] [s.esstats.app.Deanonimize]  [1]  target:5985079 -> source:17719376 (0.5053079772629279)
16:13:02,308 INFO  [main                ] [               ] [s.esstats.app.Deanonimize]  *** 6131186*** self JSD: 0.5618139996699117
16:13:02,309 INFO  [main                ] [               ] [s.esstats.app.Deanonimize]  [3]  target:6131186 -> source:7206006 (0.4175762121108286)
16:13:02,309 INFO  [main                ] [               ] [s.esstats.app.Deanonimize]  [2]  target:6131186 -> source:17634925 (0.4175762121108286)
16:13:02,309 INFO  [main                ] [               ] [s.esstats.app.Deanonimize]  [1]  target:6131186 -> source:18519555 (0.4175762121108286)
16:13:15,309 INFO  [main                ] [               ] [s.esstats.app.Deanonimize]  *** 4116956*** self JSD: 0.5189798103967318
16:13:15,309 INFO  [main                ] [               ] [s.esstats.app.Deanonimize]  [3]  target:4116956 -> source:6298626 (0.4425395699017257)
16:13:15,309 INFO  [main                ] [               ] [s.esstats.app.Deanonimize]  [2]  target:4116956 -> source:16350141 (0.43866239624840886)
16:13:15,309 INFO  [main                ] [               ] [s.esstats.app.Deanonimize]  [1]  target:4116956 -> source:18537947 (0.43866239624840886)
16:13:27,730 INFO  [main                ] [               ] [s.esstats.app.Deanonimize]  *** 5648166*** self JSD: 0.6224044854899933
16:13:27,730 INFO  [main                ] [               ] [s.esstats.app.Deanonimize]  [3]  target:5648166 -> source:15396847 (0.5106791308421544)
16:13:27,730 INFO  [main                ] [               ] [s.esstats.app.Deanonimize]  [2]  target:5648166 -> source:5746526 (0.5010382651686657)
16:13:27,730 INFO  [main                ] [               ] [s.esstats.app.Deanonimize]  [1]  target:5648166 -> source:7101489 (0.49780576681592803)
16:13:37,867 INFO  [main                ] [               ] [s.esstats.app.Deanonimize]  *** 6152250*** self JSD: 0.6931471805599452
16:13:37,868 INFO  [main                ] [               ] [s.esstats.app.Deanonimize]  [3]  target:6152250 -> source:15262760 (0.5167303170511501)
16:13:37,868 INFO  [main                ] [               ] [s.esstats.app.Deanonimize]  [2]  target:6152250 -> source:16793849 (0.5167303170511501)
16:13:37,868 INFO  [main                ] [               ] [s.esstats.app.Deanonimize]  [1]  target:6152250 -> source:9243497 (0.5167303170511501)
16:13:46,327 INFO  [main                ] [               ] [s.esstats.app.Deanonimize]  *** 6818463*** self JSD: 0.6931471805599453
16:13:46,327 INFO  [main                ] [               ] [s.esstats.app.Deanonimize]  [3]  target:6818463 -> source:13658767 (0.5367714232042615)
16:13:46,327 INFO  [main                ] [               ] [s.esstats.app.Deanonimize]  [2]  target:6818463 -> source:18612188 (0.49692912664823985)
16:13:46,327 INFO  [main                ] [               ] [s.esstats.app.Deanonimize]  [1]  target:6818463 -> source:16709691 (0.49692912664823985)
16:13:55,679 INFO  [main                ] [               ] [s.esstats.app.Deanonimize]  *** 5331450*** self JSD: 0.6376706607610703
16:13:55,679 INFO  [main                ] [               ] [s.esstats.app.Deanonimize]  [3]  target:5331450 -> source:10732839 (0.43568324332671604)
16:13:55,679 INFO  [main                ] [               ] [s.esstats.app.Deanonimize]  [2]  target:5331450 -> source:16578201 (0.43331915709889757)
16:13:55,680 INFO  [main                ] [               ] [s.esstats.app.Deanonimize]  [1]  target:5331450 -> source:12772135 (0.38608487285288984)
16:14:08,409 INFO  [main                ] [               ] [s.esstats.app.Deanonimize]  *** 6020811*** self JSD: 0.6931471805599454
16:14:08,409 INFO  [main                ] [               ] [s.esstats.app.Deanonimize]  [3]  target:6020811 -> source:15604996 (0.47081812108650567)
16:14:08,410 INFO  [main                ] [               ] [s.esstats.app.Deanonimize]  [2]  target:6020811 -> source:16839828 (0.45346550133350105)
16:14:08,410 INFO  [main                ] [               ] [s.esstats.app.Deanonimize]  [1]  target:6020811 -> source:14749721 (0.45346550133350105)
16:14:17,786 INFO  [main                ] [               ] [s.esstats.app.Deanonimize]  *** 5210958*** self JSD: 0.5319813074531663
16:14:17,786 INFO  [main                ] [               ] [s.esstats.app.Deanonimize]  [3]  target:5210958 -> source:6612337 (0.42754735365240715)
16:14:17,786 INFO  [main                ] [               ] [s.esstats.app.Deanonimize]  [2]  target:5210958 -> source:14456333 (0.42754735365240715)
16:14:17,786 INFO  [main                ] [               ] [s.esstats.app.Deanonimize]  [1]  target:5210958 -> source:18616468 (0.42305452492716067)
16:14:29,282 INFO  [main                ] [               ] [s.esstats.app.Deanonimize]  *** 4292934*** self JSD: 0.27921639725526487
16:14:29,283 INFO  [main                ] [               ] [s.esstats.app.Deanonimize]  [3]  target:4292934 -> source:11066083 (0.27435846855026524)
16:14:29,283 INFO  [main                ] [               ] [s.esstats.app.Deanonimize]  [2]  target:4292934 -> source:18400267 (0.27435846855026524)
16:14:29,283 INFO  [main                ] [               ] [s.esstats.app.Deanonimize]  [1]  target:4292934 -> source:7571108 (0.16389659003355966)
16:14:45,458 INFO  [main                ] [               ] [s.esstats.app.Deanonimize]  *** 6654680*** self JSD: 0.6931471805599452
16:14:45,458 INFO  [main                ] [               ] [s.esstats.app.Deanonimize]  [3]  target:6654680 -> source:1859444 (0.5449923009679757)
16:14:45,458 INFO  [main                ] [               ] [s.esstats.app.Deanonimize]  [2]  target:6654680 -> source:7790437 (0.5427897837325641)
16:14:45,459 INFO  [main                ] [               ] [s.esstats.app.Deanonimize]  [1]  target:6654680 -> source:18804386 (0.5400314737234382)
16:14:58,325 INFO  [main                ] [               ] [s.esstats.app.Deanonimize]  *** 4355066*** self JSD: 0.6677508426986516
16:14:58,325 INFO  [main                ] [               ] [s.esstats.app.Deanonimize]  [3]  target:4355066 -> source:17904538 (0.5535015307621485)
16:14:58,325 INFO  [main                ] [               ] [s.esstats.app.Deanonimize]  [2]  target:4355066 -> source:17698275 (0.5535015307621485)
16:14:58,325 INFO  [main                ] [               ] [s.esstats.app.Deanonimize]  [1]  target:4355066 -> source:2275336 (0.5481134277330502)
16:15:08,948 INFO  [main                ] [               ] [s.esstats.app.Deanonimize]  *** 4441013*** self JSD: 0.6621886771924481
16:15:08,948 INFO  [main                ] [               ] [s.esstats.app.Deanonimize]  [3]  target:4441013 -> source:17517717 (0.5202529985283316)
16:15:08,949 INFO  [main                ] [               ] [s.esstats.app.Deanonimize]  [2]  target:4441013 -> source:9474351 (0.5140529690362853)
16:15:08,949 INFO  [main                ] [               ] [s.esstats.app.Deanonimize]  [1]  target:4441013 -> source:3626442 (0.5006246992220988)
16:15:21,676 INFO  [main                ] [               ] [s.esstats.app.Deanonimize]  *** 4243604*** self JSD: 0.661917989287982
16:15:21,677 INFO  [main                ] [               ] [s.esstats.app.Deanonimize]  [3]  target:4243604 -> source:434464 (0.512681011275206)
16:15:21,677 INFO  [main                ] [               ] [s.esstats.app.Deanonimize]  [2]  target:4243604 -> source:13333121 (0.5051151732410332)
16:15:21,677 INFO  [main                ] [               ] [s.esstats.app.Deanonimize]  [1]  target:4243604 -> source:12083778 (0.5023022732472839)
16:15:31,542 INFO  [main                ] [               ] [s.esstats.app.Deanonimize]  *** 5942498*** self JSD: 0.5419327261238351
16:15:31,543 INFO  [main                ] [               ] [s.esstats.app.Deanonimize]  [3]  target:5942498 -> source:17510336 (0.4022594176766627)
16:15:31,543 INFO  [main                ] [               ] [s.esstats.app.Deanonimize]  [2]  target:5942498 -> source:16432953 (0.4022594176766627)
16:15:31,543 INFO  [main                ] [               ] [s.esstats.app.Deanonimize]  [1]  target:5942498 -> source:8730360 (0.35262176688002467)
16:15:39,687 INFO  [main                ] [               ] [s.esstats.app.Deanonimize]  *** 4337693*** self JSD: 0.6931471805599454
16:15:39,687 INFO  [main                ] [               ] [s.esstats.app.Deanonimize]  [3]  target:4337693 -> source:18021910 (0.35262176688002467)
16:15:39,688 INFO  [main                ] [               ] [s.esstats.app.Deanonimize]  [2]  target:4337693 -> source:17361344 (0.35262176688002467)
16:15:39,688 INFO  [main                ] [               ] [s.esstats.app.Deanonimize]  [1]  target:4337693 -> source:15598407 (0.35262176688002467)
16:15:52,102 INFO  [main                ] [               ] [s.esstats.app.Deanonimize]  *** 6455115*** self JSD: 0.6155867035849418
16:15:52,102 INFO  [main                ] [               ] [s.esstats.app.Deanonimize]  [3]  target:6455115 -> source:15724854 (0.5221375287793673)
16:15:52,102 INFO  [main                ] [               ] [s.esstats.app.Deanonimize]  [2]  target:6455115 -> source:17117736 (0.5193488587991657)
16:15:52,102 INFO  [main                ] [               ] [s.esstats.app.Deanonimize]  [1]  target:6455115 -> source:17373197 (0.5187022451402596)
16:16:08,214 INFO  [main                ] [               ] [s.esstats.app.Deanonimize]  *** 6760158*** self JSD: 0.693147180559945
16:16:08,214 INFO  [main                ] [               ] [s.esstats.app.Deanonimize]  [3]  target:6760158 -> source:320698 (0.5471921625880782)
16:16:08,214 INFO  [main                ] [               ] [s.esstats.app.Deanonimize]  [2]  target:6760158 -> source:16612007 (0.5331816118641028)
16:16:08,214 INFO  [main                ] [               ] [s.esstats.app.Deanonimize]  [1]  target:6760158 -> source:13853480 (0.5251198460998571)
16:16:27,088 INFO  [main                ] [               ] [s.esstats.app.Deanonimize]  *** 6318277*** self JSD: 0.48054353728384536
16:16:27,088 INFO  [main                ] [               ] [s.esstats.app.Deanonimize]  [3]  target:6318277 -> source:7525472 (0.5194925629475342)
16:16:27,088 INFO  [main                ] [               ] [s.esstats.app.Deanonimize]  [2]  target:6318277 -> source:2256361 (0.517557377650939)
16:16:27,089 INFO  [main                ] [               ] [s.esstats.app.Deanonimize]  [1]* target:6318277 -> source:6318277 (0.48054353728384536)
16:16:40,101 INFO  [main                ] [               ] [s.esstats.app.Deanonimize]  *** 5792497*** self JSD: 0.6454616220531308
16:16:40,101 INFO  [main                ] [               ] [s.esstats.app.Deanonimize]  [3]  target:5792497 -> source:14604925 (0.49560690840347116)
16:16:40,102 INFO  [main                ] [               ] [s.esstats.app.Deanonimize]  [2]  target:5792497 -> source:7703335 (0.4738491485212037)
16:16:40,102 INFO  [main                ] [               ] [s.esstats.app.Deanonimize]  [1]  target:5792497 -> source:11688712 (0.45720118016158273)
16:16:50,141 INFO  [main                ] [               ] [s.esstats.app.Deanonimize]  *** 6647891*** self JSD: 0.5957319650835273
16:16:50,141 INFO  [main                ] [               ] [s.esstats.app.Deanonimize]  [3]  target:6647891 -> source:13852216 (0.42281045524016253)
16:16:50,141 INFO  [main                ] [               ] [s.esstats.app.Deanonimize]  [2]  target:6647891 -> source:2012603 (0.4159725697912159)
16:16:50,141 INFO  [main                ] [               ] [s.esstats.app.Deanonimize]  [1]  target:6647891 -> source:9705530 (0.388523997178445)
16:17:04,966 INFO  [main                ] [               ] [s.esstats.app.Deanonimize]  *** 4410918*** self JSD: 0.6390482156031227
16:17:04,966 INFO  [main                ] [               ] [s.esstats.app.Deanonimize]  [3]  target:4410918 -> source:16235542 (0.49738196745063346)
16:17:04,966 INFO  [main                ] [               ] [s.esstats.app.Deanonimize]  [2]  target:4410918 -> source:17921710 (0.495980452639065)
16:17:04,966 INFO  [main                ] [               ] [s.esstats.app.Deanonimize]  [1]  target:4410918 -> source:7251677 (0.47439079482880897)
16:17:14,217 INFO  [main                ] [               ] [s.esstats.app.Deanonimize]  *** 3785284*** self JSD: 0.6931471805599452
16:17:14,217 INFO  [main                ] [               ] [s.esstats.app.Deanonimize]  [3]  target:3785284 -> source:5246096 (0.5529364165996835)
16:17:14,218 INFO  [main                ] [               ] [s.esstats.app.Deanonimize]  [2]  target:3785284 -> source:2803561 (0.5385808258255476)
16:17:14,218 INFO  [main                ] [               ] [s.esstats.app.Deanonimize]  [1]  target:3785284 -> source:4755256 (0.41197960825054114)
16:17:25,226 INFO  [main                ] [               ] [s.esstats.app.Deanonimize]  *** 4464773*** self JSD: 0.6778440091701565
16:17:25,226 INFO  [main                ] [               ] [s.esstats.app.Deanonimize]  [3]  target:4464773 -> source:18647468 (0.49396565002230775)
16:17:25,226 INFO  [main                ] [               ] [s.esstats.app.Deanonimize]  [2]  target:4464773 -> source:9683710 (0.4889691501757806)
16:17:25,226 INFO  [main                ] [               ] [s.esstats.app.Deanonimize]  [1]  target:4464773 -> source:16786005 (0.4766066867751756)
16:17:38,955 INFO  [main                ] [               ] [s.esstats.app.Deanonimize]  *** 6441805*** self JSD: 0.5463555979319913
16:17:38,955 INFO  [main                ] [               ] [s.esstats.app.Deanonimize]  [3]  target:6441805 -> source:18415263 (0.5224437587230019)
16:17:38,956 INFO  [main                ] [               ] [s.esstats.app.Deanonimize]  [2]  target:6441805 -> source:1297638 (0.5069398292389364)
16:17:38,956 INFO  [main                ] [               ] [s.esstats.app.Deanonimize]  [1]  target:6441805 -> source:601578 (0.48515570116591006)
16:17:51,943 INFO  [main                ] [               ] [s.esstats.app.Deanonimize]  *** 5273762*** self JSD: 0.6435605413345535
16:17:51,943 INFO  [main                ] [               ] [s.esstats.app.Deanonimize]  [3]  target:5273762 -> source:11377986 (0.5134399057306105)
16:17:51,943 INFO  [main                ] [               ] [s.esstats.app.Deanonimize]  [2]  target:5273762 -> source:11559281 (0.5084404491913891)
16:17:51,943 INFO  [main                ] [               ] [s.esstats.app.Deanonimize]  [1]  target:5273762 -> source:8108955 (0.4984123925476772)
16:18:08,788 INFO  [main                ] [               ] [s.esstats.app.Deanonimize]  *** 6866286*** self JSD: 0.6931471805599454
16:18:08,788 INFO  [main                ] [               ] [s.esstats.app.Deanonimize]  [3]  target:6866286 -> source:17034108 (0.5583277534714663)
16:18:08,788 INFO  [main                ] [               ] [s.esstats.app.Deanonimize]  [2]  target:6866286 -> source:12608310 (0.5543464808042312)
16:18:08,788 INFO  [main                ] [               ] [s.esstats.app.Deanonimize]  [1]  target:6866286 -> source:15237875 (0.5527676107224297)
16:18:20,493 INFO  [main                ] [               ] [s.esstats.app.Deanonimize]  *** 4363552*** self JSD: 0.6931471805599454
16:18:20,493 INFO  [main                ] [               ] [s.esstats.app.Deanonimize]  [3]  target:4363552 -> source:4370997 (0.49516664100014546)
16:18:20,493 INFO  [main                ] [               ] [s.esstats.app.Deanonimize]  [2]  target:4363552 -> source:17969963 (0.49516664100014546)
16:18:20,493 INFO  [main                ] [               ] [s.esstats.app.Deanonimize]  [1]  target:4363552 -> source:7949054 (0.49516664100014546)
16:18:29,534 INFO  [main                ] [               ] [s.esstats.app.Deanonimize]  *** 4298378*** self JSD: 0.6615881143808287
16:18:29,535 INFO  [main                ] [               ] [s.esstats.app.Deanonimize]  [3]  target:4298378 -> source:16639455 (0.472373337375171)
16:18:29,535 INFO  [main                ] [               ] [s.esstats.app.Deanonimize]  [2]  target:4298378 -> source:9796042 (0.4569769658186834)
16:18:29,535 INFO  [main                ] [               ] [s.esstats.app.Deanonimize]  [1]  target:4298378 -> source:8864566 (0.4298601005661818)
16:18:42,031 INFO  [main                ] [               ] [s.esstats.app.Deanonimize]  *** 6640907*** self JSD: 0.6325849713698299
16:18:42,031 INFO  [main                ] [               ] [s.esstats.app.Deanonimize]  [3]  target:6640907 -> source:14304774 (0.5255973270178643)
16:18:42,032 INFO  [main                ] [               ] [s.esstats.app.Deanonimize]  [2]  target:6640907 -> source:15681503 (0.5255973270178643)
16:18:42,032 INFO  [main                ] [               ] [s.esstats.app.Deanonimize]  [1]  target:6640907 -> source:10032507 (0.48375282455510527)
16:18:57,678 INFO  [main                ] [               ] [s.esstats.app.Deanonimize]  *** 6088624*** self JSD: 0.6545106689942448
16:18:57,679 INFO  [main                ] [               ] [s.esstats.app.Deanonimize]  [3]  target:6088624 -> source:11799325 (0.48541551265946303)
16:18:57,679 INFO  [main                ] [               ] [s.esstats.app.Deanonimize]  [2]  target:6088624 -> source:15097738 (0.4646806608943186)
16:18:57,679 INFO  [main                ] [               ] [s.esstats.app.Deanonimize]  [1]  target:6088624 -> source:9964635 (0.464486257250886)
16:19:06,769 INFO  [main                ] [               ] [s.esstats.app.Deanonimize]  *** 4338013*** self JSD: 0.693147180559945
16:19:06,770 INFO  [main                ] [               ] [s.esstats.app.Deanonimize]  [3]  target:4338013 -> source:8130077 (0.48375282455510515)
16:19:06,770 INFO  [main                ] [               ] [s.esstats.app.Deanonimize]  [2]  target:4338013 -> source:890823 (0.4486869269812039)
16:19:06,770 INFO  [main                ] [               ] [s.esstats.app.Deanonimize]  [1]  target:4338013 -> source:3032570 (0.4228104552401625)
16:19:17,212 INFO  [main                ] [               ] [s.esstats.app.Deanonimize]  *** 5758219*** self JSD: 0.638302395437907
16:19:17,212 INFO  [main                ] [               ] [s.esstats.app.Deanonimize]  [3]  target:5758219 -> source:18572890 (0.5255973270178642)
16:19:17,212 INFO  [main                ] [               ] [s.esstats.app.Deanonimize]  [2]  target:5758219 -> source:9955939 (0.5255973270178642)
16:19:17,212 INFO  [main                ] [               ] [s.esstats.app.Deanonimize]  [1]  target:5758219 -> source:17625491 (0.5255973270178642)
16:19:25,399 INFO  [main                ] [               ] [s.esstats.app.Deanonimize]  *** 5769802*** self JSD: 0.6676333603685086
16:19:25,399 INFO  [main                ] [               ] [s.esstats.app.Deanonimize]  [3]  target:5769802 -> source:8297089 (0.25681553623502135)
16:19:25,399 INFO  [main                ] [               ] [s.esstats.app.Deanonimize]  [2]  target:5769802 -> source:15021356 (0.25681553623502135)
16:19:25,399 INFO  [main                ] [               ] [s.esstats.app.Deanonimize]  [1]  target:5769802 -> source:7512955 (0.25681553623502135)
16:19:35,122 INFO  [main                ] [               ] [s.esstats.app.Deanonimize]  *** 6752628*** self JSD: 0.6180267253002105
16:19:35,122 INFO  [main                ] [               ] [s.esstats.app.Deanonimize]  [3]  target:6752628 -> source:5230514 (0.4687801711911771)
16:19:35,122 INFO  [main                ] [               ] [s.esstats.app.Deanonimize]  [2]  target:6752628 -> source:15849854 (0.4662789465969939)
16:19:35,123 INFO  [main                ] [               ] [s.esstats.app.Deanonimize]  [1]  target:6752628 -> source:8443549 (0.36693225784970385)
16:19:43,533 INFO  [main                ] [               ] [s.esstats.app.Deanonimize]  *** 5429475*** self JSD: 0.6931471805599452
16:19:43,533 INFO  [main                ] [               ] [s.esstats.app.Deanonimize]  [3]  target:5429475 -> source:17839861 (0.0)
16:19:43,533 INFO  [main                ] [               ] [s.esstats.app.Deanonimize]  [2]  target:5429475 -> source:11279101 (0.0)
16:19:43,533 INFO  [main                ] [               ] [s.esstats.app.Deanonimize]  [1]  target:5429475 -> source:17606049 (0.0)
16:19:53,551 INFO  [main                ] [               ] [s.esstats.app.Deanonimize]  *** 5425464*** self JSD: 0.3434038165125416
16:19:53,551 INFO  [main                ] [               ] [s.esstats.app.Deanonimize]  [3]  target:5425464 -> source:7409526 (0.3115084455567434)
16:19:53,551 INFO  [main                ] [               ] [s.esstats.app.Deanonimize]  [2]  target:5425464 -> source:10759015 (0.23752541687583123)
16:19:53,551 INFO  [main                ] [               ] [s.esstats.app.Deanonimize]  [1]  target:5425464 -> source:11204057 (0.23739940587555836)
16:20:04,251 INFO  [main                ] [               ] [s.esstats.app.Deanonimize]  *** 3833909*** self JSD: 0.6727332383054266
16:20:04,251 INFO  [main                ] [               ] [s.esstats.app.Deanonimize]  [3]  target:3833909 -> source:12443079 (0.4693387029651269)
16:20:04,251 INFO  [main                ] [               ] [s.esstats.app.Deanonimize]  [2]  target:3833909 -> source:14498733 (0.46821312271242194)
16:20:04,251 INFO  [main                ] [               ] [s.esstats.app.Deanonimize]  [1]  target:3833909 -> source:4867226 (0.46821312271242194)
16:20:17,515 INFO  [main                ] [               ] [s.esstats.app.Deanonimize]  *** 6718200*** self JSD: 0.5391007649918808
16:20:17,516 INFO  [main                ] [               ] [s.esstats.app.Deanonimize]  [3]  target:6718200 -> source:13046911 (0.43982205488833104)
16:20:17,516 INFO  [main                ] [               ] [s.esstats.app.Deanonimize]  [2]  target:6718200 -> source:8725533 (0.43385965142026706)
16:20:17,516 INFO  [main                ] [               ] [s.esstats.app.Deanonimize]  [1]  target:6718200 -> source:18699134 (0.40534672202564304)
16:20:27,820 INFO  [main                ] [               ] [s.esstats.app.Deanonimize]  *** 6822015*** self JSD: 0.6931471805599452
16:20:27,820 INFO  [main                ] [               ] [s.esstats.app.Deanonimize]  [3]  target:6822015 -> source:16582066 (0.5852016381618146)
16:20:27,820 INFO  [main                ] [               ] [s.esstats.app.Deanonimize]  [2]  target:6822015 -> source:4662273 (0.5558554647283364)
16:20:27,820 INFO  [main                ] [               ] [s.esstats.app.Deanonimize]  [1]  target:6822015 -> source:15876633 (0.553320221116149)
16:20:37,240 INFO  [main                ] [               ] [s.esstats.app.Deanonimize]  *** 6687731*** self JSD: 0.6192199307746824
16:20:37,240 INFO  [main                ] [               ] [s.esstats.app.Deanonimize]  [3]  target:6687731 -> source:17052423 (0.42458556383748447)
16:20:37,240 INFO  [main                ] [               ] [s.esstats.app.Deanonimize]  [2]  target:6687731 -> source:11534708 (0.3803956658485779)
16:20:37,240 INFO  [main                ] [               ] [s.esstats.app.Deanonimize]  [1]  target:6687731 -> source:16477110 (0.3803956658485779)
16:20:49,081 INFO  [main                ] [               ] [s.esstats.app.Deanonimize]  *** 5957267*** self JSD: 0.6931471805599454
16:20:49,081 INFO  [main                ] [               ] [s.esstats.app.Deanonimize]  [3]  target:5957267 -> source:12106400 (0.5431911419949297)
16:20:49,081 INFO  [main                ] [               ] [s.esstats.app.Deanonimize]  [2]  target:5957267 -> source:4171763 (0.5332368201184042)
16:20:49,081 INFO  [main                ] [               ] [s.esstats.app.Deanonimize]  [1]  target:5957267 -> source:10996369 (0.5281764137165121)
16:21:00,525 INFO  [main                ] [               ] [s.esstats.app.Deanonimize]  *** 6668317*** self JSD: 0.6673575098466403
16:21:00,526 INFO  [main                ] [               ] [s.esstats.app.Deanonimize]  [3]  target:6668317 -> source:15380786 (0.4958329517770954)
16:21:00,526 INFO  [main                ] [               ] [s.esstats.app.Deanonimize]  [2]  target:6668317 -> source:17625365 (0.4791275048521164)
16:21:00,526 INFO  [main                ] [               ] [s.esstats.app.Deanonimize]  [1]  target:6668317 -> source:16053032 (0.45700327416753883)
16:21:11,855 INFO  [main                ] [               ] [s.esstats.app.Deanonimize]  *** 6042333*** self JSD: 0.6634890211043099
16:21:11,855 INFO  [main                ] [               ] [s.esstats.app.Deanonimize]  [3]  target:6042333 -> source:1529171 (0.513542021739536)
16:21:11,855 INFO  [main                ] [               ] [s.esstats.app.Deanonimize]  [2]  target:6042333 -> source:17806267 (0.5126481237234772)
16:21:11,855 INFO  [main                ] [               ] [s.esstats.app.Deanonimize]  [1]  target:6042333 -> source:12275905 (0.4980486959228262)
16:21:22,113 INFO  [main                ] [               ] [s.esstats.app.Deanonimize]  *** 4303573*** self JSD: 0.6931471805599454
16:21:22,113 INFO  [main                ] [               ] [s.esstats.app.Deanonimize]  [3]  target:4303573 -> source:16019907 (0.4276715392209205)
16:21:22,114 INFO  [main                ] [               ] [s.esstats.app.Deanonimize]  [2]  target:4303573 -> source:1782221 (0.42281045524016253)
16:21:22,114 INFO  [main                ] [               ] [s.esstats.app.Deanonimize]  [1]  target:4303573 -> source:10317226 (0.38484301361405315)
16:21:31,570 INFO  [main                ] [               ] [s.esstats.app.Deanonimize]  *** 6264370*** self JSD: 0.6931471805599452
16:21:31,570 INFO  [main                ] [               ] [s.esstats.app.Deanonimize]  [3]  target:6264370 -> source:16064256 (0.4778499455562671)
16:21:31,571 INFO  [main                ] [               ] [s.esstats.app.Deanonimize]  [2]  target:6264370 -> source:7853271 (0.4778499455562671)
16:21:31,571 INFO  [main                ] [               ] [s.esstats.app.Deanonimize]  [1]  target:6264370 -> source:17290888 (0.4610565620287076)
16:21:45,589 INFO  [main                ] [               ] [s.esstats.app.Deanonimize]  *** 4539660*** self JSD: 0.6295421757272233
16:21:45,590 INFO  [main                ] [               ] [s.esstats.app.Deanonimize]  [3]  target:4539660 -> source:13805143 (0.5135956041246841)
16:21:45,590 INFO  [main                ] [               ] [s.esstats.app.Deanonimize]  [2]  target:4539660 -> source:16544691 (0.49516664100014546)
16:21:45,590 INFO  [main                ] [               ] [s.esstats.app.Deanonimize]  [1]  target:4539660 -> source:13748947 (0.4906919711916501)
16:21:56,005 INFO  [main                ] [               ] [s.esstats.app.Deanonimize]  *** 5093489*** self JSD: 0.6931471805599453
16:21:56,005 INFO  [main                ] [               ] [s.esstats.app.Deanonimize]  [3]  target:5093489 -> source:13709397 (0.4408888492582509)
16:21:56,005 INFO  [main                ] [               ] [s.esstats.app.Deanonimize]  [2]  target:5093489 -> source:14553895 (0.43563648367011243)
16:21:56,005 INFO  [main                ] [               ] [s.esstats.app.Deanonimize]  [1]  target:5093489 -> source:8366548 (0.43563648367011243)
16:22:05,412 INFO  [main                ] [               ] [s.esstats.app.Deanonimize]  *** 4908670*** self JSD: 0.6593550898949725
16:22:05,412 INFO  [main                ] [               ] [s.esstats.app.Deanonimize]  [3]  target:4908670 -> source:14102211 (0.49692912664823985)
16:22:05,412 INFO  [main                ] [               ] [s.esstats.app.Deanonimize]  [2]  target:4908670 -> source:7997227 (0.49692912664823985)
16:22:05,412 INFO  [main                ] [               ] [s.esstats.app.Deanonimize]  [1]  target:4908670 -> source:15224102 (0.4917259680180997)
16:22:16,432 INFO  [main                ] [               ] [s.esstats.app.Deanonimize]  *** 6606288*** self JSD: 0.5505382084117662
16:22:16,432 INFO  [main                ] [               ] [s.esstats.app.Deanonimize]  [3]  target:6606288 -> source:16107014 (0.4267519140302497)
16:22:16,433 INFO  [main                ] [               ] [s.esstats.app.Deanonimize]  [2]  target:6606288 -> source:3725880 (0.41825891538033083)
16:22:16,433 INFO  [main                ] [               ] [s.esstats.app.Deanonimize]  [1]  target:6606288 -> source:15790609 (0.4172162239263669)
16:22:27,799 INFO  [main                ] [               ] [s.esstats.app.Deanonimize]  *** 5196236*** self JSD: 0.6931471805599452
16:22:27,799 INFO  [main                ] [               ] [s.esstats.app.Deanonimize]  [3]  target:5196236 -> source:18848066 (0.5545909894978821)
16:22:27,799 INFO  [main                ] [               ] [s.esstats.app.Deanonimize]  [2]  target:5196236 -> source:8484054 (0.5508512159369492)
16:22:27,799 INFO  [main                ] [               ] [s.esstats.app.Deanonimize]  [1]  target:5196236 -> source:13768972 (0.5478982294995014)
16:22:41,376 INFO  [main                ] [               ] [s.esstats.app.Deanonimize]  *** 4860685*** self JSD: 0.6931471805599453
16:22:41,376 INFO  [main                ] [               ] [s.esstats.app.Deanonimize]  [3]  target:4860685 -> source:14231315 (0.5137394963571942)
16:22:41,376 INFO  [main                ] [               ] [s.esstats.app.Deanonimize]  [2]  target:4860685 -> source:15069522 (0.5000478622715118)
16:22:41,376 INFO  [main                ] [               ] [s.esstats.app.Deanonimize]  [1]  target:4860685 -> source:12951657 (0.5000478622715117)
16:22:55,908 INFO  [main                ] [               ] [s.esstats.app.Deanonimize]  *** 5292847*** self JSD: 0.6931471805599454
16:22:55,909 INFO  [main                ] [               ] [s.esstats.app.Deanonimize]  [3]  target:5292847 -> source:7231066 (0.5348636102653823)
16:22:55,909 INFO  [main                ] [               ] [s.esstats.app.Deanonimize]  [2]  target:5292847 -> source:9163640 (0.5329044917153278)
16:22:55,909 INFO  [main                ] [               ] [s.esstats.app.Deanonimize]  [1]  target:5292847 -> source:8412190 (0.5140965244294213)
16:23:06,437 INFO  [main                ] [               ] [s.esstats.app.Deanonimize]  *** 4835681*** self JSD: 0.6931471805599452
16:23:06,437 INFO  [main                ] [               ] [s.esstats.app.Deanonimize]  [3]  target:4835681 -> source:13881354 (0.3182570841474064)
16:23:06,437 INFO  [main                ] [               ] [s.esstats.app.Deanonimize]  [2]  target:4835681 -> source:16860531 (0.3182570841474064)
16:23:06,437 INFO  [main                ] [               ] [s.esstats.app.Deanonimize]  [1]  target:4835681 -> source:18635539 (0.30296957829959364)
16:23:16,371 INFO  [main                ] [               ] [s.esstats.app.Deanonimize]  *** 4964766*** self JSD: 0.6931471805599452
16:23:16,371 INFO  [main                ] [               ] [s.esstats.app.Deanonimize]  [3]  target:4964766 -> source:17439318 (0.45795742924343286)
16:23:16,371 INFO  [main                ] [               ] [s.esstats.app.Deanonimize]  [2]  target:4964766 -> source:11247862 (0.4432204496182527)
16:23:16,372 INFO  [main                ] [               ] [s.esstats.app.Deanonimize]  [1]  target:4964766 -> source:13084053 (0.40339537813571125)
16:23:26,716 INFO  [main                ] [               ] [s.esstats.app.Deanonimize]  *** 6514123*** self JSD: 0.6464261885107803
16:23:26,716 INFO  [main                ] [               ] [s.esstats.app.Deanonimize]  [3]  target:6514123 -> source:14600603 (0.4486869269812038)
16:23:26,717 INFO  [main                ] [               ] [s.esstats.app.Deanonimize]  [2]  target:6514123 -> source:15034945 (0.4454791536199685)
16:23:26,717 INFO  [main                ] [               ] [s.esstats.app.Deanonimize]  [1]  target:6514123 -> source:11272966 (0.4228104552401625)
16:23:26,717 INFO  [main                ] [               ] [s.esstats.app.Deanonimize]  Correct matches within first 1 entries: 1/56 = 0.017857142857142856
16:23:26,717 INFO  [main                ] [               ] [s.esstats.app.Deanonimize]  Correct matches within first 1 entries: 1/56 = 0.017857142857142856
16:23:26,717 INFO  [main                ] [               ] [s.esstats.app.Deanonimize]  Correct matches within first 2 entries: 1/56 = 0.017857142857142856
16:23:26,717 INFO  [main                ] [               ] [s.esstats.app.Deanonimize]  Correct matches within first 2 entries: 1/56 = 0.017857142857142856
16:23:26,717 INFO  [main                ] [               ] [s.esstats.app.Deanonimize]  Correct matches within first 3 entries: 1/56 = 0.017857142857142856
16:23:26,717 INFO  [main                ] [               ] [s.esstats.app.Deanonimize]  Correct matches within first 3 entries: 1/56 = 0.017857142857142856
