16:36:20,224 INFO  [main                ] [               ] [s.esstats.app.Deanonimize]  Deanonimizing target=/home/benjamin/Datasets/aol/2006-04_middle60v2.csv using source=/home/benjamin/Datasets/aol/2006-03.csv
16:36:30,815 INFO  [main                ] [               ] [s.esstats.app.Deanonimize]  *** 5829961*** self JSD: 0.5964603735165127
16:36:30,815 INFO  [main                ] [               ] [s.esstats.app.Deanonimize]  [3]  target:5829961 -> source:16392440 (0.5171464629147757)
16:36:30,816 INFO  [main                ] [               ] [s.esstats.app.Deanonimize]  [2]  target:5829961 -> source:7440895 (0.5171464629147757)
16:36:30,816 INFO  [main                ] [               ] [s.esstats.app.Deanonimize]  [1]  target:5829961 -> source:14822460 (0.5144320292963067)
16:36:45,329 INFO  [main                ] [               ] [s.esstats.app.Deanonimize]  *** 8449185*** self JSD: 0.6370572566090225
16:36:45,329 INFO  [main                ] [               ] [s.esstats.app.Deanonimize]  [3]  target:8449185 -> source:17609453 (0.5129100209090245)
16:36:45,329 INFO  [main                ] [               ] [s.esstats.app.Deanonimize]  [2]  target:8449185 -> source:18108258 (0.4945710628898987)
16:36:45,329 INFO  [main                ] [               ] [s.esstats.app.Deanonimize]  [1]  target:8449185 -> source:13952209 (0.4666042186978959)
16:36:57,837 INFO  [main                ] [               ] [s.esstats.app.Deanonimize]  *** 6951805*** self JSD: 0.27319259679432295
16:36:57,838 INFO  [main                ] [               ] [s.esstats.app.Deanonimize]  [3]  target:6951805 -> source:12255428 (0.47397823630039226)
16:36:57,838 INFO  [main                ] [               ] [s.esstats.app.Deanonimize]  [2]  target:6951805 -> source:15662417 (0.43501600616260605)
16:36:57,838 INFO  [main                ] [               ] [s.esstats.app.Deanonimize]  [1]* target:6951805 -> source:6951805 (0.27319259679432295)
16:37:12,805 INFO  [main                ] [               ] [s.esstats.app.Deanonimize]  *** 9500327*** self JSD: 0.6208438844046487
16:37:12,805 INFO  [main                ] [               ] [s.esstats.app.Deanonimize]  [3]  target:9500327 -> source:10776326 (0.5706580703650741)
16:37:12,805 INFO  [main                ] [               ] [s.esstats.app.Deanonimize]  [2]  target:9500327 -> source:17128682 (0.5628350254188901)
16:37:12,805 INFO  [main                ] [               ] [s.esstats.app.Deanonimize]  [1]  target:9500327 -> source:17830230 (0.5235717014293466)
16:37:23,154 INFO  [main                ] [               ] [s.esstats.app.Deanonimize]  *** 14781576*** self JSD: 0.6168923790243328
16:37:23,154 INFO  [main                ] [               ] [s.esstats.app.Deanonimize]  [3]  target:14781576 -> source:11722990 (0.4341757998623972)
16:37:23,154 INFO  [main                ] [               ] [s.esstats.app.Deanonimize]  [2]  target:14781576 -> source:2835919 (0.42091982137521194)
16:37:23,154 INFO  [main                ] [               ] [s.esstats.app.Deanonimize]  [1]  target:14781576 -> source:8905425 (0.40811477754668724)
16:37:37,579 INFO  [main                ] [               ] [s.esstats.app.Deanonimize]  *** 18093736*** self JSD: 0.6479967675889112
16:37:37,579 INFO  [main                ] [               ] [s.esstats.app.Deanonimize]  [3]  target:18093736 -> source:17958780 (0.4202091914769256)
16:37:37,579 INFO  [main                ] [               ] [s.esstats.app.Deanonimize]  [2]  target:18093736 -> source:8058044 (0.41177459172155795)
16:37:37,580 INFO  [main                ] [               ] [s.esstats.app.Deanonimize]  [1]  target:18093736 -> source:18913940 (0.40419264134609495)
16:37:48,389 INFO  [main                ] [               ] [s.esstats.app.Deanonimize]  *** 16975820*** self JSD: 0.6087330085349844
16:37:48,389 INFO  [main                ] [               ] [s.esstats.app.Deanonimize]  [3]  target:16975820 -> source:7456536 (0.5795570395842015)
16:37:48,390 INFO  [main                ] [               ] [s.esstats.app.Deanonimize]  [2]  target:16975820 -> source:17937725 (0.5688209782640656)
16:37:48,390 INFO  [main                ] [               ] [s.esstats.app.Deanonimize]  [1]  target:16975820 -> source:14817441 (0.4748001048216126)
16:38:08,521 INFO  [main                ] [               ] [s.esstats.app.Deanonimize]  *** 14544866*** self JSD: 0.5680832602538535
16:38:08,522 INFO  [main                ] [               ] [s.esstats.app.Deanonimize]  [3]  target:14544866 -> source:10809597 (0.5609143503962178)
16:38:08,522 INFO  [main                ] [               ] [s.esstats.app.Deanonimize]  [2]  target:14544866 -> source:9917918 (0.5579991363370705)
16:38:08,522 INFO  [main                ] [               ] [s.esstats.app.Deanonimize]  [1]  target:14544866 -> source:14434667 (0.5302370572753592)
16:38:26,848 INFO  [main                ] [               ] [s.esstats.app.Deanonimize]  *** 8665560*** self JSD: 0.6678940393122788
16:38:26,848 INFO  [main                ] [               ] [s.esstats.app.Deanonimize]  [3]  target:8665560 -> source:7380662 (0.5667001540102912)
16:38:26,848 INFO  [main                ] [               ] [s.esstats.app.Deanonimize]  [2]  target:8665560 -> source:2292155 (0.5657121881432985)
16:38:26,848 INFO  [main                ] [               ] [s.esstats.app.Deanonimize]  [1]  target:8665560 -> source:10422893 (0.5629163474635407)
16:38:39,621 INFO  [main                ] [               ] [s.esstats.app.Deanonimize]  *** 7428815*** self JSD: 0.617869326414829
16:38:39,621 INFO  [main                ] [               ] [s.esstats.app.Deanonimize]  [3]  target:7428815 -> source:17569862 (0.49759385025603153)
16:38:39,621 INFO  [main                ] [               ] [s.esstats.app.Deanonimize]  [2]  target:7428815 -> source:14271792 (0.4882437945274598)
16:38:39,621 INFO  [main                ] [               ] [s.esstats.app.Deanonimize]  [1]  target:7428815 -> source:14442179 (0.4861783717608893)
16:38:53,353 INFO  [main                ] [               ] [s.esstats.app.Deanonimize]  *** 6282713*** self JSD: 0.5652710189435298
16:38:53,353 INFO  [main                ] [               ] [s.esstats.app.Deanonimize]  [3]  target:6282713 -> source:13148969 (0.4878945315165241)
16:38:53,353 INFO  [main                ] [               ] [s.esstats.app.Deanonimize]  [2]  target:6282713 -> source:8949698 (0.4878945315165241)
16:38:53,353 INFO  [main                ] [               ] [s.esstats.app.Deanonimize]  [1]  target:6282713 -> source:17999623 (0.46194483701623723)
16:39:08,927 INFO  [main                ] [               ] [s.esstats.app.Deanonimize]  *** 187847*** self JSD: 0.5280976783056662
16:39:08,928 INFO  [main                ] [               ] [s.esstats.app.Deanonimize]  [3]  target:187847 -> source:342101 (0.5258216309496226)
16:39:08,928 INFO  [main                ] [               ] [s.esstats.app.Deanonimize]  [2]  target:187847 -> source:17040241 (0.5224773108629779)
16:39:08,928 INFO  [main                ] [               ] [s.esstats.app.Deanonimize]  [1]  target:187847 -> source:6917765 (0.514412673211549)
16:39:30,355 INFO  [main                ] [               ] [s.esstats.app.Deanonimize]  *** 7044983*** self JSD: 0.5284397116858617
16:39:30,356 INFO  [main                ] [               ] [s.esstats.app.Deanonimize]  [3]  target:7044983 -> source:5980725 (0.46783559210590686)
16:39:30,356 INFO  [main                ] [               ] [s.esstats.app.Deanonimize]  [2]  target:7044983 -> source:13975914 (0.46513290468156143)
16:39:30,356 INFO  [main                ] [               ] [s.esstats.app.Deanonimize]  [1]  target:7044983 -> source:99017 (0.4587912129396634)
16:39:48,389 INFO  [main                ] [               ] [s.esstats.app.Deanonimize]  *** 17495252*** self JSD: 0.5937479556596319
16:39:48,389 INFO  [main                ] [               ] [s.esstats.app.Deanonimize]  [3]  target:17495252 -> source:14480272 (0.5605877605403128)
16:39:48,389 INFO  [main                ] [               ] [s.esstats.app.Deanonimize]  [2]  target:17495252 -> source:7798959 (0.5580275738714287)
16:39:48,389 INFO  [main                ] [               ] [s.esstats.app.Deanonimize]  [1]  target:17495252 -> source:14152781 (0.5296444786733234)
16:40:02,447 INFO  [main                ] [               ] [s.esstats.app.Deanonimize]  *** 1724390*** self JSD: 0.6234855217160498
16:40:02,447 INFO  [main                ] [               ] [s.esstats.app.Deanonimize]  [3]  target:1724390 -> source:12290703 (0.47912248461981355)
16:40:02,447 INFO  [main                ] [               ] [s.esstats.app.Deanonimize]  [2]  target:1724390 -> source:18782739 (0.47784994555626703)
16:40:02,447 INFO  [main                ] [               ] [s.esstats.app.Deanonimize]  [1]  target:1724390 -> source:2941063 (0.44055047817558957)
16:40:17,577 INFO  [main                ] [               ] [s.esstats.app.Deanonimize]  *** 8196963*** self JSD: 0.6382863566706642
16:40:17,577 INFO  [main                ] [               ] [s.esstats.app.Deanonimize]  [3]  target:8196963 -> source:17804342 (0.5222184799015442)
16:40:17,577 INFO  [main                ] [               ] [s.esstats.app.Deanonimize]  [2]  target:8196963 -> source:6475544 (0.5176815710768197)
16:40:17,577 INFO  [main                ] [               ] [s.esstats.app.Deanonimize]  [1]  target:8196963 -> source:7839728 (0.48641285196687445)
16:40:28,065 INFO  [main                ] [               ] [s.esstats.app.Deanonimize]  *** 6701199*** self JSD: 0.1891501594685419
16:40:28,065 INFO  [main                ] [               ] [s.esstats.app.Deanonimize]  [3]  target:6701199 -> source:16787038 (0.3803956658485779)
16:40:28,065 INFO  [main                ] [               ] [s.esstats.app.Deanonimize]  [2]  target:6701199 -> source:16531762 (0.37844111992898355)
16:40:28,066 INFO  [main                ] [               ] [s.esstats.app.Deanonimize]  [1]* target:6701199 -> source:6701199 (0.1891501594685419)
16:40:39,760 INFO  [main                ] [               ] [s.esstats.app.Deanonimize]  *** 8677347*** self JSD: 0.5991263071174924
16:40:39,760 INFO  [main                ] [               ] [s.esstats.app.Deanonimize]  [3]  target:8677347 -> source:12666453 (0.21576155433883565)
16:40:39,760 INFO  [main                ] [               ] [s.esstats.app.Deanonimize]  [2]  target:8677347 -> source:18260802 (0.21576155433883565)
16:40:39,760 INFO  [main                ] [               ] [s.esstats.app.Deanonimize]  [1]  target:8677347 -> source:17091270 (0.21576155433883565)
16:40:53,518 INFO  [main                ] [               ] [s.esstats.app.Deanonimize]  *** 1746854*** self JSD: 0.6458046915119513
16:40:53,518 INFO  [main                ] [               ] [s.esstats.app.Deanonimize]  [3]  target:1746854 -> source:14669988 (0.507975990813609)
16:40:53,518 INFO  [main                ] [               ] [s.esstats.app.Deanonimize]  [2]  target:1746854 -> source:8498088 (0.507975990813609)
16:40:53,518 INFO  [main                ] [               ] [s.esstats.app.Deanonimize]  [1]  target:1746854 -> source:4152366 (0.4716351302616166)
16:41:06,034 INFO  [main                ] [               ] [s.esstats.app.Deanonimize]  *** 12967778*** self JSD: 0.6931471805599454
16:41:06,034 INFO  [main                ] [               ] [s.esstats.app.Deanonimize]  [3]  target:12967778 -> source:14445266 (0.5204084640442713)
16:41:06,034 INFO  [main                ] [               ] [s.esstats.app.Deanonimize]  [2]  target:12967778 -> source:8510763 (0.5044381759664401)
16:41:06,034 INFO  [main                ] [               ] [s.esstats.app.Deanonimize]  [1]  target:12967778 -> source:14869054 (0.47805847339003305)
16:41:20,249 INFO  [main                ] [               ] [s.esstats.app.Deanonimize]  *** 1016453*** self JSD: 0.6048019759693752
16:41:20,249 INFO  [main                ] [               ] [s.esstats.app.Deanonimize]  [3]  target:1016453 -> source:3825748 (0.5568273510421815)
16:41:20,249 INFO  [main                ] [               ] [s.esstats.app.Deanonimize]  [2]  target:1016453 -> source:1737616 (0.5520987882872068)
16:41:20,250 INFO  [main                ] [               ] [s.esstats.app.Deanonimize]  [1]  target:1016453 -> source:13755002 (0.529999869896802)
16:41:37,872 INFO  [main                ] [               ] [s.esstats.app.Deanonimize]  *** 1700689*** self JSD: 0.5809690074928555
16:41:37,872 INFO  [main                ] [               ] [s.esstats.app.Deanonimize]  [3]  target:1700689 -> source:3961366 (0.5818851498479578)
16:41:37,873 INFO  [main                ] [               ] [s.esstats.app.Deanonimize]  [2]* target:1700689 -> source:1700689 (0.5809690074928555)
16:41:37,873 INFO  [main                ] [               ] [s.esstats.app.Deanonimize]  [1]  target:1700689 -> source:17000594 (0.5571406147293565)
16:41:48,604 INFO  [main                ] [               ] [s.esstats.app.Deanonimize]  *** 11439928*** self JSD: 0.4167237870518865
16:41:48,604 INFO  [main                ] [               ] [s.esstats.app.Deanonimize]  [3]  target:11439928 -> source:18793396 (0.39809382435319846)
16:41:48,604 INFO  [main                ] [               ] [s.esstats.app.Deanonimize]  [2]  target:11439928 -> source:9140062 (0.39809382435319846)
16:41:48,604 INFO  [main                ] [               ] [s.esstats.app.Deanonimize]  [1]  target:11439928 -> source:8099937 (0.39809382435319846)
16:42:06,439 INFO  [main                ] [               ] [s.esstats.app.Deanonimize]  *** 8248513*** self JSD: 0.625907106778856
16:42:06,440 INFO  [main                ] [               ] [s.esstats.app.Deanonimize]  [3]  target:8248513 -> source:13621665 (0.5425341718734911)
16:42:06,440 INFO  [main                ] [               ] [s.esstats.app.Deanonimize]  [2]  target:8248513 -> source:16298856 (0.537960966253549)
16:42:06,440 INFO  [main                ] [               ] [s.esstats.app.Deanonimize]  [1]  target:8248513 -> source:9349940 (0.5225867069240765)
16:42:27,458 INFO  [main                ] [               ] [s.esstats.app.Deanonimize]  *** 612411*** self JSD: 0.5712420703948345
16:42:27,458 INFO  [main                ] [               ] [s.esstats.app.Deanonimize]  [3]  target:612411 -> source:13957935 (0.5487654184927366)
16:42:27,458 INFO  [main                ] [               ] [s.esstats.app.Deanonimize]  [2]  target:612411 -> source:18248318 (0.5399328068086784)
16:42:27,458 INFO  [main                ] [               ] [s.esstats.app.Deanonimize]  [1]  target:612411 -> source:9251470 (0.5376803129428301)
16:42:50,006 INFO  [main                ] [               ] [s.esstats.app.Deanonimize]  *** 10342135*** self JSD: 0.6542981375561487
16:42:50,006 INFO  [main                ] [               ] [s.esstats.app.Deanonimize]  [3]  target:10342135 -> source:9036684 (0.5715797648979571)
16:42:50,006 INFO  [main                ] [               ] [s.esstats.app.Deanonimize]  [2]  target:10342135 -> source:11066508 (0.5712426744664133)
16:42:50,006 INFO  [main                ] [               ] [s.esstats.app.Deanonimize]  [1]  target:10342135 -> source:2500881 (0.5598121933255543)
16:43:02,744 INFO  [main                ] [               ] [s.esstats.app.Deanonimize]  *** 10844435*** self JSD: 0.6506138252107174
16:43:02,745 INFO  [main                ] [               ] [s.esstats.app.Deanonimize]  [3]  target:10844435 -> source:5407960 (0.5079908469565094)
16:43:02,745 INFO  [main                ] [               ] [s.esstats.app.Deanonimize]  [2]  target:10844435 -> source:13397364 (0.49859320785663486)
16:43:02,745 INFO  [main                ] [               ] [s.esstats.app.Deanonimize]  [1]  target:10844435 -> source:17178655 (0.479885449070869)
16:43:17,896 INFO  [main                ] [               ] [s.esstats.app.Deanonimize]  *** 9382848*** self JSD: 0.5918892342462498
16:43:17,896 INFO  [main                ] [               ] [s.esstats.app.Deanonimize]  [3]  target:9382848 -> source:17939693 (0.5395641673351366)
16:43:17,896 INFO  [main                ] [               ] [s.esstats.app.Deanonimize]  [2]  target:9382848 -> source:17132114 (0.5395641673351366)
16:43:17,896 INFO  [main                ] [               ] [s.esstats.app.Deanonimize]  [1]  target:9382848 -> source:18718665 (0.5165702122703709)
16:43:32,131 INFO  [main                ] [               ] [s.esstats.app.Deanonimize]  *** 15283312*** self JSD: 0.6360396289222618
16:43:32,132 INFO  [main                ] [               ] [s.esstats.app.Deanonimize]  [3]  target:15283312 -> source:8467568 (0.5575502155671739)
16:43:32,132 INFO  [main                ] [               ] [s.esstats.app.Deanonimize]  [2]  target:15283312 -> source:1700773 (0.5565812812043449)
16:43:32,132 INFO  [main                ] [               ] [s.esstats.app.Deanonimize]  [1]  target:15283312 -> source:12110369 (0.5373132074442761)
16:43:54,129 INFO  [main                ] [               ] [s.esstats.app.Deanonimize]  *** 12283704*** self JSD: 0.6931471805599447
16:43:54,129 INFO  [main                ] [               ] [s.esstats.app.Deanonimize]  [3]  target:12283704 -> source:4427095 (0.5429548206976686)
16:43:54,129 INFO  [main                ] [               ] [s.esstats.app.Deanonimize]  [2]  target:12283704 -> source:6831937 (0.5331491172667726)
16:43:54,129 INFO  [main                ] [               ] [s.esstats.app.Deanonimize]  [1]  target:12283704 -> source:17052021 (0.5265757973782815)
16:44:07,951 INFO  [main                ] [               ] [s.esstats.app.Deanonimize]  *** 11557850*** self JSD: 0.6931471805599451
16:44:07,951 INFO  [main                ] [               ] [s.esstats.app.Deanonimize]  [3]  target:11557850 -> source:10806448 (0.5526824464170417)
16:44:07,951 INFO  [main                ] [               ] [s.esstats.app.Deanonimize]  [2]  target:11557850 -> source:18917050 (0.5526824464170417)
16:44:07,951 INFO  [main                ] [               ] [s.esstats.app.Deanonimize]  [1]  target:11557850 -> source:6185568 (0.540832021330024)
16:44:19,500 INFO  [main                ] [               ] [s.esstats.app.Deanonimize]  *** 2000488*** self JSD: 0.5306034734510163
16:44:19,500 INFO  [main                ] [               ] [s.esstats.app.Deanonimize]  [3]  target:2000488 -> source:6184808 (0.48490537639738307)
16:44:19,500 INFO  [main                ] [               ] [s.esstats.app.Deanonimize]  [2]  target:2000488 -> source:14200865 (0.4813989853445614)
16:44:19,500 INFO  [main                ] [               ] [s.esstats.app.Deanonimize]  [1]  target:2000488 -> source:13123255 (0.46413545954732266)
16:44:33,938 INFO  [main                ] [               ] [s.esstats.app.Deanonimize]  *** 1755063*** self JSD: 0.6364812606728356
16:44:33,938 INFO  [main                ] [               ] [s.esstats.app.Deanonimize]  [3]  target:1755063 -> source:7256141 (0.5016813567762689)
16:44:33,939 INFO  [main                ] [               ] [s.esstats.app.Deanonimize]  [2]  target:1755063 -> source:9914681 (0.49562928741744294)
16:44:33,939 INFO  [main                ] [               ] [s.esstats.app.Deanonimize]  [1]  target:1755063 -> source:11417084 (0.4769649575506784)
16:44:44,846 INFO  [main                ] [               ] [s.esstats.app.Deanonimize]  *** 7479289*** self JSD: 0.4671517223396741
16:44:44,847 INFO  [main                ] [               ] [s.esstats.app.Deanonimize]  [3]  target:7479289 -> source:13024769 (0.4702817487980768)
16:44:44,847 INFO  [main                ] [               ] [s.esstats.app.Deanonimize]  [2]* target:7479289 -> source:7479289 (0.4671517223396741)
16:44:44,847 INFO  [main                ] [               ] [s.esstats.app.Deanonimize]  [1]  target:7479289 -> source:13184079 (0.463504467470765)
16:45:06,804 INFO  [main                ] [               ] [s.esstats.app.Deanonimize]  *** 11056448*** self JSD: 0.6494926665883818
16:45:06,804 INFO  [main                ] [               ] [s.esstats.app.Deanonimize]  [3]  target:11056448 -> source:953104 (0.582519191476998)
16:45:06,805 INFO  [main                ] [               ] [s.esstats.app.Deanonimize]  [2]  target:11056448 -> source:13645960 (0.5801065773636698)
16:45:06,805 INFO  [main                ] [               ] [s.esstats.app.Deanonimize]  [1]  target:11056448 -> source:12412140 (0.5743672484943712)
16:45:22,897 INFO  [main                ] [               ] [s.esstats.app.Deanonimize]  *** 12732894*** self JSD: 0.5486226212208424
16:45:22,897 INFO  [main                ] [               ] [s.esstats.app.Deanonimize]  [3]  target:12732894 -> source:13169886 (0.48873949882986467)
16:45:22,897 INFO  [main                ] [               ] [s.esstats.app.Deanonimize]  [2]  target:12732894 -> source:15178654 (0.4805823805514615)
16:45:22,898 INFO  [main                ] [               ] [s.esstats.app.Deanonimize]  [1]  target:12732894 -> source:3735894 (0.4589422761774372)
16:45:41,517 INFO  [main                ] [               ] [s.esstats.app.Deanonimize]  *** 478230*** self JSD: 0.6287566933345534
16:45:41,518 INFO  [main                ] [               ] [s.esstats.app.Deanonimize]  [3]  target:478230 -> source:12122859 (0.5579104368699614)
16:45:41,518 INFO  [main                ] [               ] [s.esstats.app.Deanonimize]  [2]  target:478230 -> source:4186828 (0.5525821495284232)
16:45:41,518 INFO  [main                ] [               ] [s.esstats.app.Deanonimize]  [1]  target:478230 -> source:6323922 (0.5437267203036891)
16:45:56,132 INFO  [main                ] [               ] [s.esstats.app.Deanonimize]  *** 7170834*** self JSD: 0.5527734816929561
16:45:56,132 INFO  [main                ] [               ] [s.esstats.app.Deanonimize]  [3]  target:7170834 -> source:7439182 (0.5157195551310398)
16:45:56,132 INFO  [main                ] [               ] [s.esstats.app.Deanonimize]  [2]  target:7170834 -> source:7920838 (0.5056383412762226)
16:45:56,132 INFO  [main                ] [               ] [s.esstats.app.Deanonimize]  [1]  target:7170834 -> source:4667843 (0.49876269476566565)
16:46:08,485 INFO  [main                ] [               ] [s.esstats.app.Deanonimize]  *** 6979658*** self JSD: 0.4698982773285571
16:46:08,485 INFO  [main                ] [               ] [s.esstats.app.Deanonimize]  [3]  target:6979658 -> source:286401 (0.48962810148686375)
16:46:08,485 INFO  [main                ] [               ] [s.esstats.app.Deanonimize]  [2]  target:6979658 -> source:13868894 (0.48385262440586196)
16:46:08,486 INFO  [main                ] [               ] [s.esstats.app.Deanonimize]  [1]* target:6979658 -> source:6979658 (0.4698982773285571)
16:46:18,021 INFO  [main                ] [               ] [s.esstats.app.Deanonimize]  *** 9897213*** self JSD: 0.6931471805599452
16:46:18,022 INFO  [main                ] [               ] [s.esstats.app.Deanonimize]  [3]  target:9897213 -> source:17629681 (0.34657359027997264)
16:46:18,022 INFO  [main                ] [               ] [s.esstats.app.Deanonimize]  [2]  target:9897213 -> source:9474065 (0.32918646982070754)
16:46:18,022 INFO  [main                ] [               ] [s.esstats.app.Deanonimize]  [1]  target:9897213 -> source:15943515 (0.21576155433883565)
16:46:28,906 INFO  [main                ] [               ] [s.esstats.app.Deanonimize]  *** 8750719*** self JSD: 0.4285180626300433
16:46:28,906 INFO  [main                ] [               ] [s.esstats.app.Deanonimize]  [3]  target:8750719 -> source:12847354 (0.4617382260145739)
16:46:28,906 INFO  [main                ] [               ] [s.esstats.app.Deanonimize]  [2]  target:8750719 -> source:16936354 (0.44856092633926004)
16:46:28,906 INFO  [main                ] [               ] [s.esstats.app.Deanonimize]  [1]* target:8750719 -> source:8750719 (0.4285180626300433)
16:46:47,975 INFO  [main                ] [               ] [s.esstats.app.Deanonimize]  *** 11249512*** self JSD: 0.6786990109596138
16:46:47,976 INFO  [main                ] [               ] [s.esstats.app.Deanonimize]  [3]  target:11249512 -> source:15021735 (0.5487104710987305)
16:46:47,976 INFO  [main                ] [               ] [s.esstats.app.Deanonimize]  [2]  target:11249512 -> source:14401874 (0.5487104710987305)
16:46:47,976 INFO  [main                ] [               ] [s.esstats.app.Deanonimize]  [1]  target:11249512 -> source:7196495 (0.5432218323520857)
16:47:06,258 INFO  [main                ] [               ] [s.esstats.app.Deanonimize]  *** 21694977*** self JSD: -1.0
16:47:06,258 INFO  [main                ] [               ] [s.esstats.app.Deanonimize]  [3]  target:21694977 -> source:8099886 (0.46777554543854905)
16:47:06,259 INFO  [main                ] [               ] [s.esstats.app.Deanonimize]  [2]  target:21694977 -> source:16101788 (0.4618573566524746)
16:47:06,259 INFO  [main                ] [               ] [s.esstats.app.Deanonimize]  [1]  target:21694977 -> source:17778125 (0.44139969461973294)
16:47:18,888 INFO  [main                ] [               ] [s.esstats.app.Deanonimize]  *** 7583150*** self JSD: 0.6527371811275982
16:47:18,888 INFO  [main                ] [               ] [s.esstats.app.Deanonimize]  [3]  target:7583150 -> source:2276300 (0.5569771582817931)
16:47:18,888 INFO  [main                ] [               ] [s.esstats.app.Deanonimize]  [2]  target:7583150 -> source:9590714 (0.5528458235141482)
16:47:18,888 INFO  [main                ] [               ] [s.esstats.app.Deanonimize]  [1]  target:7583150 -> source:14273588 (0.549343041564093)
16:47:30,331 INFO  [main                ] [               ] [s.esstats.app.Deanonimize]  *** 9312354*** self JSD: 0.5606928960539097
16:47:30,331 INFO  [main                ] [               ] [s.esstats.app.Deanonimize]  [3]  target:9312354 -> source:12729838 (0.4949635118954952)
16:47:30,331 INFO  [main                ] [               ] [s.esstats.app.Deanonimize]  [2]  target:9312354 -> source:3201733 (0.49222752323038466)
16:47:30,331 INFO  [main                ] [               ] [s.esstats.app.Deanonimize]  [1]  target:9312354 -> source:11944069 (0.43660102333847484)
16:47:40,331 INFO  [main                ] [               ] [s.esstats.app.Deanonimize]  *** 15877557*** self JSD: 0.6011695592153237
16:47:40,332 INFO  [main                ] [               ] [s.esstats.app.Deanonimize]  [3]  target:15877557 -> source:13160847 (0.4655524632553185)
16:47:40,332 INFO  [main                ] [               ] [s.esstats.app.Deanonimize]  [2]  target:15877557 -> source:546713 (0.4655524632553185)
16:47:40,332 INFO  [main                ] [               ] [s.esstats.app.Deanonimize]  [1]  target:15877557 -> source:15556927 (0.4655524632553185)
16:47:51,881 INFO  [main                ] [               ] [s.esstats.app.Deanonimize]  *** 65534*** self JSD: 0.6298674707750763
16:47:51,881 INFO  [main                ] [               ] [s.esstats.app.Deanonimize]  [3]  target:65534 -> source:18463172 (0.505508066532794)
16:47:51,881 INFO  [main                ] [               ] [s.esstats.app.Deanonimize]  [2]  target:65534 -> source:18731868 (0.505508066532794)
16:47:51,882 INFO  [main                ] [               ] [s.esstats.app.Deanonimize]  [1]  target:65534 -> source:13696758 (0.49006516853372956)
16:47:59,063 INFO  [main                ] [               ] [s.esstats.app.Deanonimize]  *** 917528*** self JSD: 0.39660913826602656
16:47:59,063 INFO  [main                ] [               ] [s.esstats.app.Deanonimize]  [3]  target:917528 -> source:17581556 (0.27435846855026524)
16:47:59,064 INFO  [main                ] [               ] [s.esstats.app.Deanonimize]  [2]  target:917528 -> source:18366334 (0.27435846855026524)
16:47:59,064 INFO  [main                ] [               ] [s.esstats.app.Deanonimize]  [1]  target:917528 -> source:18838723 (0.27435846855026524)
16:48:12,691 INFO  [main                ] [               ] [s.esstats.app.Deanonimize]  *** 12121642*** self JSD: 0.6709299247438267
16:48:12,692 INFO  [main                ] [               ] [s.esstats.app.Deanonimize]  [3]  target:12121642 -> source:17961817 (0.464560633655931)
16:48:12,692 INFO  [main                ] [               ] [s.esstats.app.Deanonimize]  [2]  target:12121642 -> source:10818213 (0.459689297135457)
16:48:12,692 INFO  [main                ] [               ] [s.esstats.app.Deanonimize]  [1]  target:12121642 -> source:12575737 (0.4529615781613735)
16:48:27,581 INFO  [main                ] [               ] [s.esstats.app.Deanonimize]  *** 13713863*** self JSD: 0.5591067804821253
16:48:27,582 INFO  [main                ] [               ] [s.esstats.app.Deanonimize]  [3]  target:13713863 -> source:1639209 (0.565830006907392)
16:48:27,582 INFO  [main                ] [               ] [s.esstats.app.Deanonimize]  [2]  target:13713863 -> source:9967921 (0.5627902412461829)
16:48:27,582 INFO  [main                ] [               ] [s.esstats.app.Deanonimize]  [1]* target:13713863 -> source:13713863 (0.5591067804821253)
16:48:44,407 INFO  [main                ] [               ] [s.esstats.app.Deanonimize]  *** 8348810*** self JSD: 0.6128862157819565
16:48:44,408 INFO  [main                ] [               ] [s.esstats.app.Deanonimize]  [3]  target:8348810 -> source:15168225 (0.4968947559907344)
16:48:44,408 INFO  [main                ] [               ] [s.esstats.app.Deanonimize]  [2]  target:8348810 -> source:8366559 (0.49409861049125103)
16:48:44,408 INFO  [main                ] [               ] [s.esstats.app.Deanonimize]  [1]  target:8348810 -> source:16815727 (0.491166780094698)
16:48:53,465 INFO  [main                ] [               ] [s.esstats.app.Deanonimize]  *** 1539194*** self JSD: 0.17868984925279624
16:48:53,465 INFO  [main                ] [               ] [s.esstats.app.Deanonimize]  [3]  target:1539194 -> source:17549698 (0.3569415360699646)
16:48:53,465 INFO  [main                ] [               ] [s.esstats.app.Deanonimize]  [2]  target:1539194 -> source:17742785 (0.3569415360699646)
16:48:53,466 INFO  [main                ] [               ] [s.esstats.app.Deanonimize]  [1]* target:1539194 -> source:1539194 (0.17868984925279624)
16:49:01,934 INFO  [main                ] [               ] [s.esstats.app.Deanonimize]  *** 11309011*** self JSD: 0.6931471805599452
16:49:01,935 INFO  [main                ] [               ] [s.esstats.app.Deanonimize]  [3]  target:11309011 -> source:7788989 (0.38401447109114983)
16:49:01,935 INFO  [main                ] [               ] [s.esstats.app.Deanonimize]  [2]  target:11309011 -> source:702960 (0.37069177840452855)
16:49:01,935 INFO  [main                ] [               ] [s.esstats.app.Deanonimize]  [1]  target:11309011 -> source:16260037 (0.34031345354235487)
16:49:14,003 INFO  [main                ] [               ] [s.esstats.app.Deanonimize]  *** 7493178*** self JSD: 0.6474026631650529
16:49:14,003 INFO  [main                ] [               ] [s.esstats.app.Deanonimize]  [3]  target:7493178 -> source:16128900 (0.5528859078534358)
16:49:14,004 INFO  [main                ] [               ] [s.esstats.app.Deanonimize]  [2]  target:7493178 -> source:10891178 (0.5528859078534358)
16:49:14,004 INFO  [main                ] [               ] [s.esstats.app.Deanonimize]  [1]  target:7493178 -> source:18463633 (0.5434645772057624)
16:49:21,487 INFO  [main                ] [               ] [s.esstats.app.Deanonimize]  *** 6603687*** self JSD: 0.6931471805599456
16:49:21,487 INFO  [main                ] [               ] [s.esstats.app.Deanonimize]  [3]  target:6603687 -> source:14627120 (0.41272565263942185)
16:49:21,487 INFO  [main                ] [               ] [s.esstats.app.Deanonimize]  [2]  target:6603687 -> source:18849062 (0.3182570841474064)
16:49:21,487 INFO  [main                ] [               ] [s.esstats.app.Deanonimize]  [1]  target:6603687 -> source:12903159 (0.3182570841474064)
16:49:34,398 INFO  [main                ] [               ] [s.esstats.app.Deanonimize]  *** 11427893*** self JSD: 0.5637068718536479
16:49:34,398 INFO  [main                ] [               ] [s.esstats.app.Deanonimize]  [3]  target:11427893 -> source:13163508 (0.5167271099318075)
16:49:34,399 INFO  [main                ] [               ] [s.esstats.app.Deanonimize]  [2]  target:11427893 -> source:18275630 (0.5028790231134221)
16:49:34,399 INFO  [main                ] [               ] [s.esstats.app.Deanonimize]  [1]  target:11427893 -> source:16327970 (0.4846670718822693)
16:49:50,282 INFO  [main                ] [               ] [s.esstats.app.Deanonimize]  *** 13301069*** self JSD: 0.4998622832331504
16:49:50,282 INFO  [main                ] [               ] [s.esstats.app.Deanonimize]  [3]  target:13301069 -> source:10918058 (0.5371015125169933)
16:49:50,282 INFO  [main                ] [               ] [s.esstats.app.Deanonimize]  [2]  target:13301069 -> source:103032 (0.5329303833572285)
16:49:50,282 INFO  [main                ] [               ] [s.esstats.app.Deanonimize]  [1]* target:13301069 -> source:13301069 (0.4998622832331504)
16:49:59,885 INFO  [main                ] [               ] [s.esstats.app.Deanonimize]  *** 1349938*** self JSD: 0.6746488428231986
16:49:59,886 INFO  [main                ] [               ] [s.esstats.app.Deanonimize]  [3]  target:1349938 -> source:13758906 (0.5111668251903264)
16:49:59,886 INFO  [main                ] [               ] [s.esstats.app.Deanonimize]  [2]  target:1349938 -> source:16387996 (0.48375282455510527)
16:49:59,886 INFO  [main                ] [               ] [s.esstats.app.Deanonimize]  [1]  target:1349938 -> source:18116628 (0.42281045524016253)
16:49:59,886 INFO  [main                ] [               ] [s.esstats.app.Deanonimize]  Correct matches within first 1 entries: 7/58 = 0.1206896551724138
16:49:59,886 INFO  [main                ] [               ] [s.esstats.app.Deanonimize]  Correct matches within first 1 entries: 7/57 = 0.12280701754385964
16:49:59,886 INFO  [main                ] [               ] [s.esstats.app.Deanonimize]  Correct matches within first 2 entries: 9/58 = 0.15517241379310345
16:49:59,886 INFO  [main                ] [               ] [s.esstats.app.Deanonimize]  Correct matches within first 2 entries: 9/57 = 0.15789473684210525
16:49:59,886 INFO  [main                ] [               ] [s.esstats.app.Deanonimize]  Correct matches within first 3 entries: 9/58 = 0.15517241379310345
16:49:59,887 INFO  [main                ] [               ] [s.esstats.app.Deanonimize]  Correct matches within first 3 entries: 9/57 = 0.15789473684210525
